Arguments: 
  /usr/local/bin/node /usr/local/Cellar/yarn/1.22.19/libexec/bin/yarn.js add —-save @ckeditor/ckeditor5-react @ckeditor/ckeditor5-build-classic

PATH: 
  /usr/local/bin:/usr/bin:/bin:/usr/sbin:/sbin

Yarn version: 
  1.22.19

Node version: 
  16.16.0

Platform: 
  darwin x64

Trace: 
  TypeError [ERR_UNESCAPED_CHARACTERS]: https://registry.yarnpkg.com/—-save: Request path contains unescaped characters
      at new NodeError (node:internal/errors:372:5)
      at new ClientRequest (node:_http_client:160:13)
      at Object.request (node:https:353:10)
      at Request.module.exports.Request.start (/usr/local/Cellar/yarn/1.22.19/libexec/lib/cli.js:141452:32)
      at Request.module.exports.Request.end (/usr/local/Cellar/yarn/1.22.19/libexec/lib/cli.js:142211:10)
      at end (/usr/local/Cellar/yarn/1.22.19/libexec/lib/cli.js:141265:14)
      at Immediate.<anonymous> (/usr/local/Cellar/yarn/1.22.19/libexec/lib/cli.js:141279:7)
      at processImmediate (node:internal/timers:466:21)

npm manifest: 
  {
    "dependencies": {
      "@ckeditor/ckeditor5-build-classic": "^35.0.1",
      "@ckeditor/ckeditor5-react": "^5.0.2"
    }
  }

yarn manifest: 
  No manifest

Lockfile: 
  No lockfile
